android/app/build/intermediates/manifest_merge_blame_file/debug/manifest-merger-blame-debug-report.txt
1<?xml version="1.0" encoding="utf-8"?>
2<manifest xmlns:android="http://schemas.android.com/apk/res/android"
3    package="com.experiencia.boliche"
4    android:versionCode="1"
5    android:versionName="1.0" >
6
7    <uses-sdk
8        android:minSdkVersion="21"
8-->src/main/AndroidManifest.xml
9        android:targetSdkVersion="29" />
9-->src/main/AndroidManifest.xml
10
11    <!-- Permissions -->
12
13    <uses-permission android:name="android.permission.INTERNET" />
13-->src/main/AndroidManifest.xml:48:5-67
13-->src/main/AndroidManifest.xml:48:22-64
14    <!-- Network API -->
15    <uses-permission android:name="android.permission.ACCESS_NETWORK_STATE" />
15-->src/main/AndroidManifest.xml:50:5-79
15-->src/main/AndroidManifest.xml:50:22-76
16    <!-- Audio -->
17    <uses-permission android:name="android.permission.MODIFY_AUDIO_SETTINGS" />
17-->src/main/AndroidManifest.xml:52:5-79
17-->src/main/AndroidManifest.xml:52:22-77
18
19    <uses-feature
19-->[:capacitor-android] AndroidManifest.xml:11:5-13:36
20        android:name="android.hardware.camera"
20-->[:capacitor-android] AndroidManifest.xml:12:9-47
21        android:required="false" />
21-->[:capacitor-android] AndroidManifest.xml:13:9-33
22
23    <uses-permission android:name="android.permission.WRITE_EXTERNAL_STORAGE" />
23-->[:capacitor-cordova-android-plugins] AndroidManifest.xml:12:5-81
23-->[:capacitor-cordova-android-plugins] AndroidManifest.xml:12:22-78
24    <uses-permission android:name="android.permission.WAKE_LOCK" /> <!-- Required by older versions of Google Play services to create IID tokens -->
24-->[com.google.android.gms:play-services-measurement-api:17.0.0] AndroidManifest.xml:24:5-68
24-->[com.google.android.gms:play-services-measurement-api:17.0.0] AndroidManifest.xml:24:22-65
25    <uses-permission android:name="com.google.android.c2dm.permission.RECEIVE" />
25-->[com.google.firebase:firebase-iid:20.1.1] AndroidManifest.xml:26:5-82
25-->[com.google.firebase:firebase-iid:20.1.1] AndroidManifest.xml:26:22-79
26    <uses-permission android:name="com.google.android.finsky.permission.BIND_GET_INSTALL_REFERRER_SERVICE" />
26-->[com.google.android.gms:play-services-measurement:17.0.0] AndroidManifest.xml:26:5-110
26-->[com.google.android.gms:play-services-measurement:17.0.0] AndroidManifest.xml:26:22-107
27
28    <application
28-->src/main/AndroidManifest.xml:6:5-44:19
29        android:allowBackup="true"
29-->src/main/AndroidManifest.xml:7:9-35
30        android:appComponentFactory="androidx.core.app.CoreComponentFactory"
30-->[androidx.core:core:1.2.0] AndroidManifest.xml:24:18-86
31        android:debuggable="true"
32        android:icon="@mipmap/ic_launcher"
32-->src/main/AndroidManifest.xml:8:9-43
33        android:label="@string/app_name"
33-->src/main/AndroidManifest.xml:9:9-41
34        android:roundIcon="@mipmap/ic_launcher_round"
34-->src/main/AndroidManifest.xml:10:9-54
35        android:supportsRtl="true"
35-->src/main/AndroidManifest.xml:11:9-35
36        android:testOnly="true"
37        android:theme="@style/AppTheme" >
37-->src/main/AndroidManifest.xml:12:9-40
38        <meta-data
38-->src/main/AndroidManifest.xml:13:9-134
39            android:name="com.google.android.gms.ads.APPLICATION_ID"
39-->src/main/AndroidManifest.xml:13:20-76
40            android:value="ca-app-pub-6326566524185956~8248523202" />
40-->src/main/AndroidManifest.xml:13:77-131
41
42        <activity
42-->src/main/AndroidManifest.xml:14:9-33:20
43            android:name="com.experiencia.boliche.MainActivity"
43-->src/main/AndroidManifest.xml:16:13-64
44            android:configChanges="orientation|keyboardHidden|keyboard|screenSize|locale|smallestScreenSize|screenLayout|uiMode"
44-->src/main/AndroidManifest.xml:15:13-129
45            android:label="@string/title_activity_main"
45-->src/main/AndroidManifest.xml:17:13-56
46            android:launchMode="singleTask"
46-->src/main/AndroidManifest.xml:19:13-44
47            android:theme="@style/AppTheme.NoActionBarLaunch" >
47-->src/main/AndroidManifest.xml:18:13-62
48            <intent-filter>
48-->src/main/AndroidManifest.xml:21:13-24:29
49                <action android:name="android.intent.action.MAIN" />
49-->src/main/AndroidManifest.xml:22:17-69
49-->src/main/AndroidManifest.xml:22:25-66
50
51                <category android:name="android.intent.category.LAUNCHER" />
51-->src/main/AndroidManifest.xml:23:17-77
51-->src/main/AndroidManifest.xml:23:27-74
52            </intent-filter>
53            <intent-filter>
53-->src/main/AndroidManifest.xml:26:13-31:29
54                <action android:name="android.intent.action.VIEW" />
54-->src/main/AndroidManifest.xml:27:17-69
54-->src/main/AndroidManifest.xml:27:25-66
55
56                <category android:name="android.intent.category.DEFAULT" />
56-->src/main/AndroidManifest.xml:28:17-76
56-->src/main/AndroidManifest.xml:28:27-73
57                <category android:name="android.intent.category.BROWSABLE" />
57-->src/main/AndroidManifest.xml:29:17-78
57-->src/main/AndroidManifest.xml:29:27-75
58
59                <data android:scheme="@string/custom_url_scheme" />
59-->src/main/AndroidManifest.xml:30:17-68
59-->src/main/AndroidManifest.xml:30:23-65
60            </intent-filter>
61        </activity>
62
63        <provider
64            android:name="androidx.core.content.FileProvider"
64-->src/main/AndroidManifest.xml:36:13-62
65            android:authorities="com.experiencia.boliche.fileprovider"
65-->src/main/AndroidManifest.xml:37:13-64
66            android:exported="false"
66-->src/main/AndroidManifest.xml:38:13-37
67            android:grantUriPermissions="true" >
67-->src/main/AndroidManifest.xml:39:13-47
68            <meta-data
68-->src/main/AndroidManifest.xml:40:13-42:64
69                android:name="android.support.FILE_PROVIDER_PATHS"
69-->src/main/AndroidManifest.xml:41:17-67
70                android:resource="@xml/file_paths" />
70-->src/main/AndroidManifest.xml:42:17-51
71        </provider>
72
73        <service
73-->[:capacitor-android] AndroidManifest.xml:16:9-18:40
74            android:name="com.getcapacitor.plugin.background.BackgroundTaskService"
74-->[:capacitor-android] AndroidManifest.xml:17:13-84
75            android:exported="false" />
75-->[:capacitor-android] AndroidManifest.xml:18:13-37
76
77        <receiver android:name="com.getcapacitor.plugin.notification.TimedNotificationPublisher" />
77-->[:capacitor-android] AndroidManifest.xml:20:9-100
77-->[:capacitor-android] AndroidManifest.xml:20:19-97
78        <receiver android:name="com.getcapacitor.plugin.notification.NotificationDismissReceiver" />
78-->[:capacitor-android] AndroidManifest.xml:21:9-101
78-->[:capacitor-android] AndroidManifest.xml:21:19-98
79
80        <meta-data
80-->[:capacitor-android] AndroidManifest.xml:23:9-25:37
81            android:name="firebase_messaging_auto_init_enabled"
81-->[:capacitor-android] AndroidManifest.xml:24:13-64
82            android:value="false" />
82-->[:capacitor-android] AndroidManifest.xml:25:13-34
83
84        <service
84-->[:capacitor-android] AndroidManifest.xml:27:9-33:19
85            android:name="com.getcapacitor.CapacitorFirebaseMessagingService"
85-->[:capacitor-android] AndroidManifest.xml:28:13-78
86            android:stopWithTask="false" >
86-->[:capacitor-android] AndroidManifest.xml:29:13-41
87            <intent-filter>
87-->[:capacitor-android] AndroidManifest.xml:30:13-32:29
88                <action android:name="com.google.firebase.MESSAGING_EVENT" />
88-->[:capacitor-android] AndroidManifest.xml:31:17-78
88-->[:capacitor-android] AndroidManifest.xml:31:25-75
89            </intent-filter>
90        </service>
91
92        <activity
92-->[:capacitor-cordova-android-plugins] AndroidManifest.xml:19:9-22:51
93            android:name="com.hutchind.cordova.plugins.streamingmedia.SimpleAudioStream"
93-->[:capacitor-cordova-android-plugins] AndroidManifest.xml:20:13-89
94            android:configChanges="orientation|screenSize"
94-->[:capacitor-cordova-android-plugins] AndroidManifest.xml:21:13-59
95            android:label="Simple Audio Stream" />
95-->[:capacitor-cordova-android-plugins] AndroidManifest.xml:22:13-48
96        <activity
96-->[:capacitor-cordova-android-plugins] AndroidManifest.xml:23:9-26:51
97            android:name="com.hutchind.cordova.plugins.streamingmedia.SimpleVideoStream"
97-->[:capacitor-cordova-android-plugins] AndroidManifest.xml:24:13-89
98            android:configChanges="orientation|screenSize"
98-->[:capacitor-cordova-android-plugins] AndroidManifest.xml:25:13-59
99            android:label="Simple Video Stream" />
99-->[:capacitor-cordova-android-plugins] AndroidManifest.xml:26:13-48
100        <!--
101             FirebaseMessagingService performs security checks at runtime,
102             but set to not exported to explicitly avoid allowing another app to call it.
103        -->
104        <service
104-->[com.google.firebase:firebase-messaging:20.1.2] AndroidManifest.xml:28:9-34:19
105            android:name="com.google.firebase.messaging.FirebaseMessagingService"
105-->[com.google.firebase:firebase-messaging:20.1.2] AndroidManifest.xml:29:13-82
106            android:exported="false" >
106-->[com.google.firebase:firebase-messaging:20.1.2] AndroidManifest.xml:30:13-37
107            <intent-filter android:priority="-500" >
107-->[:capacitor-android] AndroidManifest.xml:30:13-32:29
108                <action android:name="com.google.firebase.MESSAGING_EVENT" />
108-->[:capacitor-android] AndroidManifest.xml:31:17-78
108-->[:capacitor-android] AndroidManifest.xml:31:25-75
109            </intent-filter>
110        </service>
111        <service
111-->[com.google.firebase:firebase-messaging:20.1.2] AndroidManifest.xml:35:9-41:19
112            android:name="com.google.firebase.components.ComponentDiscoveryService"
112-->[com.google.firebase:firebase-messaging:20.1.2] AndroidManifest.xml:36:13-84
113            android:directBootAware="true"
113-->[com.google.firebase:firebase-common:19.3.0] AndroidManifest.xml:34:13-43
114            android:exported="false" >
114-->[com.google.firebase:firebase-messaging:20.1.2] AndroidManifest.xml:37:13-37
115            <meta-data
115-->[com.google.firebase:firebase-messaging:20.1.2] AndroidManifest.xml:38:13-40:85
116                android:name="com.google.firebase.components:com.google.firebase.messaging.FirebaseMessagingRegistrar"
116-->[com.google.firebase:firebase-messaging:20.1.2] AndroidManifest.xml:39:17-119
117                android:value="com.google.firebase.components.ComponentRegistrar" />
117-->[com.google.firebase:firebase-messaging:20.1.2] AndroidManifest.xml:40:17-82
118            <meta-data
118-->[com.google.firebase:firebase-datatransport:17.0.3] AndroidManifest.xml:28:13-30:85
119                android:name="com.google.firebase.components:com.google.firebase.datatransport.TransportRegistrar"
119-->[com.google.firebase:firebase-datatransport:17.0.3] AndroidManifest.xml:29:17-115
120                android:value="com.google.firebase.components.ComponentRegistrar" />
120-->[com.google.firebase:firebase-datatransport:17.0.3] AndroidManifest.xml:30:17-82
121            <meta-data
121-->[com.google.android.gms:play-services-measurement-api:17.0.0] AndroidManifest.xml:30:13-32:85
122                android:name="com.google.firebase.components:com.google.firebase.analytics.connector.internal.AnalyticsConnectorRegistrar"
122-->[com.google.android.gms:play-services-measurement-api:17.0.0] AndroidManifest.xml:31:17-139
123                android:value="com.google.firebase.components.ComponentRegistrar" />
123-->[com.google.android.gms:play-services-measurement-api:17.0.0] AndroidManifest.xml:32:17-82
124            <meta-data
124-->[com.google.firebase:firebase-iid:20.1.1] AndroidManifest.xml:32:13-34:85
125                android:name="com.google.firebase.components:com.google.firebase.iid.Registrar"
125-->[com.google.firebase:firebase-iid:20.1.1] AndroidManifest.xml:33:17-96
126                android:value="com.google.firebase.components.ComponentRegistrar" />
126-->[com.google.firebase:firebase-iid:20.1.1] AndroidManifest.xml:34:17-82
127            <meta-data
127-->[com.google.firebase:firebase-installations:16.0.0] AndroidManifest.xml:17:13-19:85
128                android:name="com.google.firebase.components:com.google.firebase.installations.FirebaseInstallationsRegistrar"
128-->[com.google.firebase:firebase-installations:16.0.0] AndroidManifest.xml:18:17-127
129                android:value="com.google.firebase.components.ComponentRegistrar" />
129-->[com.google.firebase:firebase-installations:16.0.0] AndroidManifest.xml:19:17-82
130        </service>
131
132        <receiver
132-->[com.google.firebase:firebase-iid:20.1.1] AndroidManifest.xml:37:9-44:20
133            android:name="com.google.firebase.iid.FirebaseInstanceIdReceiver"
133-->[com.google.firebase:firebase-iid:20.1.1] AndroidManifest.xml:38:13-78
134            android:exported="true"
134-->[com.google.firebase:firebase-iid:20.1.1] AndroidManifest.xml:39:13-36
135            android:permission="com.google.android.c2dm.permission.SEND" >
135-->[com.google.firebase:firebase-iid:20.1.1] AndroidManifest.xml:40:13-73
136            <intent-filter>
136-->[com.google.firebase:firebase-iid:20.1.1] AndroidManifest.xml:41:13-43:29
137                <action android:name="com.google.android.c2dm.intent.RECEIVE" />
137-->[com.google.firebase:firebase-iid:20.1.1] AndroidManifest.xml:42:17-81
137-->[com.google.firebase:firebase-iid:20.1.1] AndroidManifest.xml:42:25-78
138            </intent-filter>
139        </receiver>
140
141        <provider
141-->[com.google.firebase:firebase-common:19.3.0] AndroidManifest.xml:26:9-30:39
142            android:name="com.google.firebase.provider.FirebaseInitProvider"
142-->[com.google.firebase:firebase-common:19.3.0] AndroidManifest.xml:27:13-77
143            android:authorities="com.experiencia.boliche.firebaseinitprovider"
143-->[com.google.firebase:firebase-common:19.3.0] AndroidManifest.xml:28:13-72
144            android:exported="false"
144-->[com.google.firebase:firebase-common:19.3.0] AndroidManifest.xml:29:13-37
145            android:initOrder="100" />
145-->[com.google.firebase:firebase-common:19.3.0] AndroidManifest.xml:30:13-36
146
147        <activity
147-->[com.google.android.gms:play-services-base:17.0.0] AndroidManifest.xml:23:9-26:75
148            android:name="com.google.android.gms.common.api.GoogleApiActivity"
148-->[com.google.android.gms:play-services-base:17.0.0] AndroidManifest.xml:24:13-79
149            android:exported="false"
149-->[com.google.android.gms:play-services-base:17.0.0] AndroidManifest.xml:25:13-37
150            android:theme="@android:style/Theme.Translucent.NoTitleBar" />
150-->[com.google.android.gms:play-services-base:17.0.0] AndroidManifest.xml:26:13-72
151
152        <receiver
152-->[com.google.android.gms:play-services-measurement:17.0.0] AndroidManifest.xml:29:9-33:20
153            android:name="com.google.android.gms.measurement.AppMeasurementReceiver"
153-->[com.google.android.gms:play-services-measurement:17.0.0] AndroidManifest.xml:30:13-85
154            android:enabled="true"
154-->[com.google.android.gms:play-services-measurement:17.0.0] AndroidManifest.xml:31:13-35
155            android:exported="false" >
155-->[com.google.android.gms:play-services-measurement:17.0.0] AndroidManifest.xml:32:13-37
156        </receiver>
157        <receiver
157-->[com.google.android.gms:play-services-measurement:17.0.0] AndroidManifest.xml:34:9-42:20
158            android:name="com.google.android.gms.measurement.AppMeasurementInstallReferrerReceiver"
158-->[com.google.android.gms:play-services-measurement:17.0.0] AndroidManifest.xml:35:13-100
159            android:enabled="true"
159-->[com.google.android.gms:play-services-measurement:17.0.0] AndroidManifest.xml:36:13-35
160            android:exported="true"
160-->[com.google.android.gms:play-services-measurement:17.0.0] AndroidManifest.xml:37:13-36
161            android:permission="android.permission.INSTALL_PACKAGES" >
161-->[com.google.android.gms:play-services-measurement:17.0.0] AndroidManifest.xml:38:13-69
162            <intent-filter>
162-->[com.google.android.gms:play-services-measurement:17.0.0] AndroidManifest.xml:39:13-41:29
163                <action android:name="com.android.vending.INSTALL_REFERRER" />
163-->[com.google.android.gms:play-services-measurement:17.0.0] AndroidManifest.xml:40:17-79
163-->[com.google.android.gms:play-services-measurement:17.0.0] AndroidManifest.xml:40:25-76
164            </intent-filter>
165        </receiver>
166
167        <service
167-->[com.google.android.gms:play-services-measurement:17.0.0] AndroidManifest.xml:44:9-47:40
168            android:name="com.google.android.gms.measurement.AppMeasurementService"
168-->[com.google.android.gms:play-services-measurement:17.0.0] AndroidManifest.xml:45:13-84
169            android:enabled="true"
169-->[com.google.android.gms:play-services-measurement:17.0.0] AndroidManifest.xml:46:13-35
170            android:exported="false" />
170-->[com.google.android.gms:play-services-measurement:17.0.0] AndroidManifest.xml:47:13-37
171        <service
171-->[com.google.android.gms:play-services-measurement:17.0.0] AndroidManifest.xml:48:9-52:72
172            android:name="com.google.android.gms.measurement.AppMeasurementJobService"
172-->[com.google.android.gms:play-services-measurement:17.0.0] AndroidManifest.xml:49:13-87
173            android:enabled="true"
173-->[com.google.android.gms:play-services-measurement:17.0.0] AndroidManifest.xml:50:13-35
174            android:exported="false"
174-->[com.google.android.gms:play-services-measurement:17.0.0] AndroidManifest.xml:51:13-37
175            android:permission="android.permission.BIND_JOB_SERVICE" /> <!-- Include the AdActivity and InAppPurchaseActivity configChanges and themes. -->
175-->[com.google.android.gms:play-services-measurement:17.0.0] AndroidManifest.xml:52:13-69
176        <activity
176-->[com.google.android.gms:play-services-ads-lite:17.2.0] AndroidManifest.xml:29:9-33:64
177            android:name="com.google.android.gms.ads.AdActivity"
177-->[com.google.android.gms:play-services-ads-lite:17.2.0] AndroidManifest.xml:30:13-65
178            android:configChanges="keyboard|keyboardHidden|orientation|screenLayout|uiMode|screenSize|smallestScreenSize"
178-->[com.google.android.gms:play-services-ads-lite:17.2.0] AndroidManifest.xml:31:13-122
179            android:exported="false"
179-->[com.google.android.gms:play-services-ads-lite:17.2.0] AndroidManifest.xml:32:13-37
180            android:theme="@android:style/Theme.Translucent" />
180-->[com.google.android.gms:play-services-ads-lite:17.2.0] AndroidManifest.xml:33:13-61
181
182        <provider
182-->[com.google.android.gms:play-services-ads-lite:17.2.0] AndroidManifest.xml:35:9-39:39
183            android:name="com.google.android.gms.ads.MobileAdsInitProvider"
183-->[com.google.android.gms:play-services-ads-lite:17.2.0] AndroidManifest.xml:36:13-76
184            android:authorities="com.experiencia.boliche.mobileadsinitprovider"
184-->[com.google.android.gms:play-services-ads-lite:17.2.0] AndroidManifest.xml:37:13-73
185            android:exported="false"
185-->[com.google.android.gms:play-services-ads-lite:17.2.0] AndroidManifest.xml:38:13-37
186            android:initOrder="100" />
186-->[com.google.android.gms:play-services-ads-lite:17.2.0] AndroidManifest.xml:39:13-36
187
188        <meta-data
188-->[com.google.android.gms:play-services-basement:17.0.0] AndroidManifest.xml:23:9-25:69
189            android:name="com.google.android.gms.version"
189-->[com.google.android.gms:play-services-basement:17.0.0] AndroidManifest.xml:24:13-58
190            android:value="@integer/google_play_services_version" />
190-->[com.google.android.gms:play-services-basement:17.0.0] AndroidManifest.xml:25:13-66
191
192        <service
192-->[com.google.android.datatransport:transport-backend-cct:2.2.0] AndroidManifest.xml:29:9-35:19
193            android:name="com.google.android.datatransport.runtime.backends.TransportBackendDiscovery"
193-->[com.google.android.datatransport:transport-backend-cct:2.2.0] AndroidManifest.xml:30:13-103
194            android:exported="false" >
194-->[com.google.android.datatransport:transport-backend-cct:2.2.0] AndroidManifest.xml:31:13-37
195            <meta-data
195-->[com.google.android.datatransport:transport-backend-cct:2.2.0] AndroidManifest.xml:32:13-34:39
196                android:name="backend:com.google.android.datatransport.cct.CctBackendFactory"
196-->[com.google.android.datatransport:transport-backend-cct:2.2.0] AndroidManifest.xml:33:17-94
197                android:value="cct" />
197-->[com.google.android.datatransport:transport-backend-cct:2.2.0] AndroidManifest.xml:34:17-36
198        </service>
199        <service
199-->[com.google.android.datatransport:transport-runtime:2.2.0] AndroidManifest.xml:26:9-30:19
200            android:name="com.google.android.datatransport.runtime.scheduling.jobscheduling.JobInfoSchedulerService"
200-->[com.google.android.datatransport:transport-runtime:2.2.0] AndroidManifest.xml:27:13-117
201            android:exported="false"
201-->[com.google.android.datatransport:transport-runtime:2.2.0] AndroidManifest.xml:28:13-37
202            android:permission="android.permission.BIND_JOB_SERVICE" >
202-->[com.google.android.datatransport:transport-runtime:2.2.0] AndroidManifest.xml:29:13-69
203        </service>
204
205        <receiver
205-->[com.google.android.datatransport:transport-runtime:2.2.0] AndroidManifest.xml:32:9-34:40
206            android:name="com.google.android.datatransport.runtime.scheduling.jobscheduling.AlarmManagerSchedulerBroadcastReceiver"
206-->[com.google.android.datatransport:transport-runtime:2.2.0] AndroidManifest.xml:33:13-132
207            android:exported="false" />
207-->[com.google.android.datatransport:transport-runtime:2.2.0] AndroidManifest.xml:34:13-37
208    </application>
209
210</manifest>